<?xml version="1.0" encoding="UTF-8"?>
<!-- Generated by org.testng.reporters.JUnitXMLReporter -->
<testsuite hostname="DESKTOP-FGAE2QN" ignored="3" name="regressionTest" tests="1" failures="0" timestamp="2021-09-11T01:44:27 IST" time="7.792" errors="0">
  <testcase name="tc_004" time="3.608" classname="com.jupiter.testsuites.TS_Regression"/>
  <testcase name="tc_003" time="0.0" classname="com.jupiter.testsuites.TS_Regression">
    <ignored/>
  </testcase> <!-- tc_003 -->
  <testcase name="tc_001" time="0.0" classname="com.jupiter.testsuites.TS_Regression">
    <ignored/>
  </testcase> <!-- tc_001 -->
  <testcase name="tc_002" time="0.0" classname="com.jupiter.testsuites.TS_Regression">
    <ignored/>
  </testcase> <!-- tc_002 -->
</testsuite> <!-- regressionTest -->
