<?xml version="1.0" encoding="UTF-8"?>
<!-- Generated by org.testng.reporters.JUnitXMLReporter -->
<testsuite hostname="DESKTOP-FGAE2QN" ignored="0" name="regressionTest" tests="4" failures="0" timestamp="2021-09-11T17:58:45 IST" time="68.26" errors="0">
  <testcase name="tc_001" time="36.789" classname="com.jupiter.testsuites.TS_Regression"/>
  <testcase name="tc_002" time="13.585" classname="com.jupiter.testsuites.TS_Regression"/>
  <testcase name="tc_003" time="2.895" classname="com.jupiter.testsuites.TS_Regression"/>
  <testcase name="tc_004" time="2.742" classname="com.jupiter.testsuites.TS_Regression"/>
</testsuite> <!-- regressionTest -->
