<?xml version="1.0" encoding="UTF-8"?>
<!-- Generated by org.testng.reporters.JUnitXMLReporter -->
<testsuite hostname="DESKTOP-FGAE2QN" ignored="0" name="regressionTest" tests="8" failures="0" timestamp="2021-09-11T18:07:11 IST" time="111.126" errors="0">
  <testcase name="tc_001" time="36.507" classname="com.jupiter.testsuites.TS_Regression"/>
  <testcase name="tc_002" time="4.238" classname="com.jupiter.testsuites.TS_Regression"/>
  <testcase name="tc_002" time="8.326" classname="com.jupiter.testsuites.TS_Regression"/>
  <testcase name="tc_002" time="16.955" classname="com.jupiter.testsuites.TS_Regression"/>
  <testcase name="tc_002" time="5.122" classname="com.jupiter.testsuites.TS_Regression"/>
  <testcase name="tc_002" time="15.96" classname="com.jupiter.testsuites.TS_Regression"/>
  <testcase name="tc_003" time="2.883" classname="com.jupiter.testsuites.TS_Regression"/>
  <testcase name="tc_004" time="2.764" classname="com.jupiter.testsuites.TS_Regression"/>
</testsuite> <!-- regressionTest -->
