<?xml version="1.0" encoding="UTF-8"?>
<!-- Generated by org.testng.reporters.JUnitXMLReporter -->
<testsuite hostname="DESKTOP-FGAE2QN" ignored="3" name="Default test" tests="1" failures="0" timestamp="2021-09-11T01:28:47 IST" time="12.01" errors="0">
  <testcase name="tc_002" time="8.294" classname="com.jupiter.testsuites.TS_Regression"/>
  <testcase name="tc_003" time="0.0" classname="com.jupiter.testsuites.TS_Regression">
    <ignored/>
  </testcase> <!-- tc_003 -->
  <testcase name="tc_001" time="0.0" classname="com.jupiter.testsuites.TS_Regression">
    <ignored/>
  </testcase> <!-- tc_001 -->
  <testcase name="tc_004" time="0.0" classname="com.jupiter.testsuites.TS_Regression">
    <ignored/>
  </testcase> <!-- tc_004 -->
</testsuite> <!-- Default test -->
