<?xml version="1.0" encoding="UTF-8"?>
<testng-results skipped="0" failed="0" ignored="0" total="8" passed="8">
  <reporter-output>
  </reporter-output>
  <suite name="regressionSuite" duration-ms="111126" started-at="2021-09-11T18:05:20 IST" finished-at="2021-09-11T18:07:11 IST">
    <groups>
    </groups>
    <test name="regressionTest" duration-ms="111126" started-at="2021-09-11T18:05:20 IST" finished-at="2021-09-11T18:07:11 IST">
      <class name="com.jupiter.testsuites.TS_Regression">
        <test-method status="PASS" signature="configSetup()[pri:0, instance:com.jupiter.testsuites.TS_Regression@72b6cbcc]" name="configSetup" is-config="true" duration-ms="108" started-at="2021-09-11T18:05:20 IST" finished-at="2021-09-11T18:05:20 IST">
          <reporter-output>
          </reporter-output>
        </test-method> <!-- configSetup -->
        <test-method status="PASS" signature="setup(java.lang.String,java.lang.String,java.lang.reflect.Method)[pri:0, instance:com.jupiter.testsuites.TS_Regression@72b6cbcc]" name="setup" is-config="true" duration-ms="2373" started-at="2021-09-11T18:05:21 IST" finished-at="2021-09-11T18:05:23 IST">
          <params>
            <param index="0">
              <value>
                <![CDATA[url]]>
              </value>
            </param>
            <param index="1">
              <value>
                <![CDATA[browser]]>
              </value>
            </param>
            <param index="2">
              <value>
                <![CDATA[public void com.jupiter.testsuites.TS_Regression.tc_001(java.lang.String,java.lang.String,java.lang.String)]]>
              </value>
            </param>
          </params>
          <reporter-output>
          </reporter-output>
        </test-method> <!-- setup -->
        <test-method status="PASS" signature="tc_001(java.lang.String,java.lang.String,java.lang.String)[pri:0, instance:com.jupiter.testsuites.TS_Regression@72b6cbcc]" name="tc_001" duration-ms="36507" started-at="2021-09-11T18:05:23 IST" data-provider="tc_001" finished-at="2021-09-11T18:05:59 IST">
          <params>
            <param index="0">
              <value>
                <![CDATA[Prabhath]]>
              </value>
            </param>
            <param index="1">
              <value>
                <![CDATA[prabath@gmail.com]]>
              </value>
            </param>
            <param index="2">
              <value>
                <![CDATA[TestMessage]]>
              </value>
            </param>
          </params>
          <reporter-output>
          </reporter-output>
        </test-method> <!-- tc_001 -->
        <test-method status="PASS" signature="tearDownTest()[pri:0, instance:com.jupiter.testsuites.TS_Regression@72b6cbcc]" name="tearDownTest" is-config="true" duration-ms="739" started-at="2021-09-11T18:05:59 IST" finished-at="2021-09-11T18:06:00 IST">
          <reporter-output>
          </reporter-output>
        </test-method> <!-- tearDownTest -->
        <test-method status="PASS" signature="setup(java.lang.String,java.lang.String,java.lang.reflect.Method)[pri:0, instance:com.jupiter.testsuites.TS_Regression@72b6cbcc]" name="setup" is-config="true" duration-ms="1222" started-at="2021-09-11T18:06:00 IST" finished-at="2021-09-11T18:06:01 IST">
          <params>
            <param index="0">
              <value>
                <![CDATA[url]]>
              </value>
            </param>
            <param index="1">
              <value>
                <![CDATA[browser]]>
              </value>
            </param>
            <param index="2">
              <value>
                <![CDATA[public void com.jupiter.testsuites.TS_Regression.tc_002(java.lang.String,java.lang.String,java.lang.String)]]>
              </value>
            </param>
          </params>
          <reporter-output>
          </reporter-output>
        </test-method> <!-- setup -->
        <test-method status="PASS" signature="tc_002(java.lang.String,java.lang.String,java.lang.String)[pri:0, instance:com.jupiter.testsuites.TS_Regression@72b6cbcc]" name="tc_002" duration-ms="4238" started-at="2021-09-11T18:06:01 IST" data-provider="tc_002" finished-at="2021-09-11T18:06:06 IST">
          <params>
            <param index="0">
              <value>
                <![CDATA[John]]>
              </value>
            </param>
            <param index="1">
              <value>
                <![CDATA[john@test.com.au]]>
              </value>
            </param>
            <param index="2">
              <value>
                <![CDATA[Nice Service]]>
              </value>
            </param>
          </params>
          <reporter-output>
          </reporter-output>
        </test-method> <!-- tc_002 -->
        <test-method status="PASS" signature="tearDownTest()[pri:0, instance:com.jupiter.testsuites.TS_Regression@72b6cbcc]" name="tearDownTest" is-config="true" duration-ms="727" started-at="2021-09-11T18:06:06 IST" finished-at="2021-09-11T18:06:06 IST">
          <reporter-output>
          </reporter-output>
        </test-method> <!-- tearDownTest -->
        <test-method status="PASS" signature="setup(java.lang.String,java.lang.String,java.lang.reflect.Method)[pri:0, instance:com.jupiter.testsuites.TS_Regression@72b6cbcc]" name="setup" is-config="true" duration-ms="1384" started-at="2021-09-11T18:06:06 IST" finished-at="2021-09-11T18:06:08 IST">
          <params>
            <param index="0">
              <value>
                <![CDATA[url]]>
              </value>
            </param>
            <param index="1">
              <value>
                <![CDATA[browser]]>
              </value>
            </param>
            <param index="2">
              <value>
                <![CDATA[public void com.jupiter.testsuites.TS_Regression.tc_002(java.lang.String,java.lang.String,java.lang.String)]]>
              </value>
            </param>
          </params>
          <reporter-output>
          </reporter-output>
        </test-method> <!-- setup -->
        <test-method status="PASS" signature="tc_002(java.lang.String,java.lang.String,java.lang.String)[pri:0, instance:com.jupiter.testsuites.TS_Regression@72b6cbcc]" name="tc_002" duration-ms="8326" started-at="2021-09-11T18:06:08 IST" data-provider="tc_002" finished-at="2021-09-11T18:06:16 IST">
          <params>
            <param index="0">
              <value>
                <![CDATA[Smith]]>
              </value>
            </param>
            <param index="1">
              <value>
                <![CDATA[smith@test.com.au]]>
              </value>
            </param>
            <param index="2">
              <value>
                <![CDATA[Superb]]>
              </value>
            </param>
          </params>
          <reporter-output>
          </reporter-output>
        </test-method> <!-- tc_002 -->
        <test-method status="PASS" signature="tearDownTest()[pri:0, instance:com.jupiter.testsuites.TS_Regression@72b6cbcc]" name="tearDownTest" is-config="true" duration-ms="681" started-at="2021-09-11T18:06:16 IST" finished-at="2021-09-11T18:06:17 IST">
          <reporter-output>
          </reporter-output>
        </test-method> <!-- tearDownTest -->
        <test-method status="PASS" signature="setup(java.lang.String,java.lang.String,java.lang.reflect.Method)[pri:0, instance:com.jupiter.testsuites.TS_Regression@72b6cbcc]" name="setup" is-config="true" duration-ms="1318" started-at="2021-09-11T18:06:17 IST" finished-at="2021-09-11T18:06:18 IST">
          <params>
            <param index="0">
              <value>
                <![CDATA[url]]>
              </value>
            </param>
            <param index="1">
              <value>
                <![CDATA[browser]]>
              </value>
            </param>
            <param index="2">
              <value>
                <![CDATA[public void com.jupiter.testsuites.TS_Regression.tc_002(java.lang.String,java.lang.String,java.lang.String)]]>
              </value>
            </param>
          </params>
          <reporter-output>
          </reporter-output>
        </test-method> <!-- setup -->
        <test-method status="PASS" signature="tc_002(java.lang.String,java.lang.String,java.lang.String)[pri:0, instance:com.jupiter.testsuites.TS_Regression@72b6cbcc]" name="tc_002" duration-ms="16955" started-at="2021-09-11T18:06:18 IST" data-provider="tc_002" finished-at="2021-09-11T18:06:35 IST">
          <params>
            <param index="0">
              <value>
                <![CDATA[Tony]]>
              </value>
            </param>
            <param index="1">
              <value>
                <![CDATA[tony@test.com.au]]>
              </value>
            </param>
            <param index="2">
              <value>
                <![CDATA[So much appreciate your service]]>
              </value>
            </param>
          </params>
          <reporter-output>
          </reporter-output>
        </test-method> <!-- tc_002 -->
        <test-method status="PASS" signature="tearDownTest()[pri:0, instance:com.jupiter.testsuites.TS_Regression@72b6cbcc]" name="tearDownTest" is-config="true" duration-ms="681" started-at="2021-09-11T18:06:35 IST" finished-at="2021-09-11T18:06:36 IST">
          <reporter-output>
          </reporter-output>
        </test-method> <!-- tearDownTest -->
        <test-method status="PASS" signature="setup(java.lang.String,java.lang.String,java.lang.reflect.Method)[pri:0, instance:com.jupiter.testsuites.TS_Regression@72b6cbcc]" name="setup" is-config="true" duration-ms="1170" started-at="2021-09-11T18:06:36 IST" finished-at="2021-09-11T18:06:37 IST">
          <params>
            <param index="0">
              <value>
                <![CDATA[url]]>
              </value>
            </param>
            <param index="1">
              <value>
                <![CDATA[browser]]>
              </value>
            </param>
            <param index="2">
              <value>
                <![CDATA[public void com.jupiter.testsuites.TS_Regression.tc_002(java.lang.String,java.lang.String,java.lang.String)]]>
              </value>
            </param>
          </params>
          <reporter-output>
          </reporter-output>
        </test-method> <!-- setup -->
        <test-method status="PASS" signature="tc_002(java.lang.String,java.lang.String,java.lang.String)[pri:0, instance:com.jupiter.testsuites.TS_Regression@72b6cbcc]" name="tc_002" duration-ms="5122" started-at="2021-09-11T18:06:37 IST" data-provider="tc_002" finished-at="2021-09-11T18:06:42 IST">
          <params>
            <param index="0">
              <value>
                <![CDATA[Brian]]>
              </value>
            </param>
            <param index="1">
              <value>
                <![CDATA[brian@test.com.au]]>
              </value>
            </param>
            <param index="2">
              <value>
                <![CDATA[Excelent Support]]>
              </value>
            </param>
          </params>
          <reporter-output>
          </reporter-output>
        </test-method> <!-- tc_002 -->
        <test-method status="PASS" signature="tearDownTest()[pri:0, instance:com.jupiter.testsuites.TS_Regression@72b6cbcc]" name="tearDownTest" is-config="true" duration-ms="1174" started-at="2021-09-11T18:06:42 IST" finished-at="2021-09-11T18:06:43 IST">
          <reporter-output>
          </reporter-output>
        </test-method> <!-- tearDownTest -->
        <test-method status="PASS" signature="setup(java.lang.String,java.lang.String,java.lang.reflect.Method)[pri:0, instance:com.jupiter.testsuites.TS_Regression@72b6cbcc]" name="setup" is-config="true" duration-ms="1264" started-at="2021-09-11T18:06:43 IST" finished-at="2021-09-11T18:06:44 IST">
          <params>
            <param index="0">
              <value>
                <![CDATA[url]]>
              </value>
            </param>
            <param index="1">
              <value>
                <![CDATA[browser]]>
              </value>
            </param>
            <param index="2">
              <value>
                <![CDATA[public void com.jupiter.testsuites.TS_Regression.tc_002(java.lang.String,java.lang.String,java.lang.String)]]>
              </value>
            </param>
          </params>
          <reporter-output>
          </reporter-output>
        </test-method> <!-- setup -->
        <test-method status="PASS" signature="tc_002(java.lang.String,java.lang.String,java.lang.String)[pri:0, instance:com.jupiter.testsuites.TS_Regression@72b6cbcc]" name="tc_002" duration-ms="15960" started-at="2021-09-11T18:06:44 IST" data-provider="tc_002" finished-at="2021-09-11T18:07:00 IST">
          <params>
            <param index="0">
              <value>
                <![CDATA[James]]>
              </value>
            </param>
            <param index="1">
              <value>
                <![CDATA[james@test.com.au]]>
              </value>
            </param>
            <param index="2">
              <value>
                <![CDATA[Keep it up !]]>
              </value>
            </param>
          </params>
          <reporter-output>
          </reporter-output>
        </test-method> <!-- tc_002 -->
        <test-method status="PASS" signature="tearDownTest()[pri:0, instance:com.jupiter.testsuites.TS_Regression@72b6cbcc]" name="tearDownTest" is-config="true" duration-ms="671" started-at="2021-09-11T18:07:00 IST" finished-at="2021-09-11T18:07:01 IST">
          <reporter-output>
          </reporter-output>
        </test-method> <!-- tearDownTest -->
        <test-method status="PASS" signature="setup(java.lang.String,java.lang.String,java.lang.reflect.Method)[pri:0, instance:com.jupiter.testsuites.TS_Regression@72b6cbcc]" name="setup" is-config="true" duration-ms="1312" started-at="2021-09-11T18:07:01 IST" finished-at="2021-09-11T18:07:02 IST">
          <params>
            <param index="0">
              <value>
                <![CDATA[url]]>
              </value>
            </param>
            <param index="1">
              <value>
                <![CDATA[browser]]>
              </value>
            </param>
            <param index="2">
              <value>
                <![CDATA[public void com.jupiter.testsuites.TS_Regression.tc_003(java.lang.String)]]>
              </value>
            </param>
          </params>
          <reporter-output>
          </reporter-output>
        </test-method> <!-- setup -->
        <test-method status="PASS" signature="tc_003(java.lang.String)[pri:0, instance:com.jupiter.testsuites.TS_Regression@72b6cbcc]" name="tc_003" duration-ms="2883" started-at="2021-09-11T18:07:02 IST" data-provider="tc_003" finished-at="2021-09-11T18:07:05 IST">
          <params>
            <param index="0">
              <value>
                <![CDATA[Funny Cow=2,Fluffy Bunny=1]]>
              </value>
            </param>
          </params>
          <reporter-output>
          </reporter-output>
        </test-method> <!-- tc_003 -->
        <test-method status="PASS" signature="tearDownTest()[pri:0, instance:com.jupiter.testsuites.TS_Regression@72b6cbcc]" name="tearDownTest" is-config="true" duration-ms="689" started-at="2021-09-11T18:07:05 IST" finished-at="2021-09-11T18:07:06 IST">
          <reporter-output>
          </reporter-output>
        </test-method> <!-- tearDownTest -->
        <test-method status="PASS" signature="setup(java.lang.String,java.lang.String,java.lang.reflect.Method)[pri:0, instance:com.jupiter.testsuites.TS_Regression@72b6cbcc]" name="setup" is-config="true" duration-ms="1245" started-at="2021-09-11T18:07:06 IST" finished-at="2021-09-11T18:07:07 IST">
          <params>
            <param index="0">
              <value>
                <![CDATA[url]]>
              </value>
            </param>
            <param index="1">
              <value>
                <![CDATA[browser]]>
              </value>
            </param>
            <param index="2">
              <value>
                <![CDATA[public void com.jupiter.testsuites.TS_Regression.tc_004(java.lang.String,java.lang.String)]]>
              </value>
            </param>
          </params>
          <reporter-output>
          </reporter-output>
        </test-method> <!-- setup -->
        <test-method status="PASS" signature="tc_004(java.lang.String,java.lang.String)[pri:0, instance:com.jupiter.testsuites.TS_Regression@72b6cbcc]" name="tc_004" duration-ms="2764" started-at="2021-09-11T18:07:07 IST" data-provider="tc_004" finished-at="2021-09-11T18:07:10 IST">
          <params>
            <param index="0">
              <value>
                <![CDATA[tc_004]]>
              </value>
            </param>
            <param index="1">
              <value>
                <![CDATA[Stuffed Frog=2,Fluffy Bunny=5,Valentine Bear=3]]>
              </value>
            </param>
          </params>
          <reporter-output>
          </reporter-output>
        </test-method> <!-- tc_004 -->
        <test-method status="PASS" signature="tearDownTest()[pri:0, instance:com.jupiter.testsuites.TS_Regression@72b6cbcc]" name="tearDownTest" is-config="true" duration-ms="697" started-at="2021-09-11T18:07:10 IST" finished-at="2021-09-11T18:07:11 IST">
          <reporter-output>
          </reporter-output>
        </test-method> <!-- tearDownTest -->
        <test-method status="PASS" signature="tearDown()[pri:0, instance:com.jupiter.testsuites.TS_Regression@72b6cbcc]" name="tearDown" is-config="true" duration-ms="271" started-at="2021-09-11T18:07:11 IST" finished-at="2021-09-11T18:07:11 IST">
          <reporter-output>
          </reporter-output>
        </test-method> <!-- tearDown -->
      </class> <!-- com.jupiter.testsuites.TS_Regression -->
    </test> <!-- regressionTest -->
  </suite> <!-- regressionSuite -->
</testng-results>
